  glad.c
  Main.cpp
d:\универ\заочка\5 семестр\компьютерная графика\akhmanova\akhmanova_task_8\akhmanova\main.cpp(265): warning C4244: +=: преобразование "double" в "float", возможна потеря данных
d:\универ\заочка\5 семестр\компьютерная графика\akhmanova\akhmanova_task_8\akhmanova\main.cpp(462): warning C4305: +=: усечение из "double" в "float"
d:\универ\заочка\5 семестр\компьютерная графика\akhmanova\akhmanova_task_8\akhmanova\main.cpp(468): warning C4305: -=: усечение из "double" в "float"
d:\универ\заочка\5 семестр\компьютерная графика\akhmanova\akhmanova_task_8\akhmanova\main.cpp(475): warning C4305: +=: усечение из "double" в "float"
d:\универ\заочка\5 семестр\компьютерная графика\akhmanova\akhmanova_task_8\akhmanova\main.cpp(479): warning C4305: -=: усечение из "double" в "float"
d:\универ\заочка\5 семестр\компьютерная графика\akhmanova\akhmanova_task_8\akhmanova\main.cpp(486): warning C4305: +=: усечение из "double" в "float"
d:\универ\заочка\5 семестр\компьютерная графика\akhmanova\akhmanova_task_8\akhmanova\main.cpp(490): warning C4305: -=: усечение из "double" в "float"
d:\универ\заочка\5 семестр\компьютерная графика\akhmanova\akhmanova_task_8\akhmanova\main.cpp(498): warning C4305: +=: усечение из "double" в "float"
d:\универ\заочка\5 семестр\компьютерная графика\akhmanova\akhmanova_task_8\akhmanova\main.cpp(504): warning C4305: -=: усечение из "double" в "float"
d:\универ\заочка\5 семестр\компьютерная графика\akhmanova\akhmanova_task_8\akhmanova\main.cpp(506): warning C4305: =: усечение из "double" в "float"
d:\универ\заочка\5 семестр\компьютерная графика\akhmanova\akhmanova_task_8\akhmanova\main.cpp(511): warning C4305: +=: усечение из "double" в "float"
d:\универ\заочка\5 семестр\компьютерная графика\akhmanova\akhmanova_task_8\akhmanova\main.cpp(515): warning C4305: -=: усечение из "double" в "float"
d:\универ\заочка\5 семестр\компьютерная графика\akhmanova\akhmanova_task_8\akhmanova\main.cpp(517): warning C4305: =: усечение из "double" в "float"
d:\универ\заочка\5 семестр\компьютерная графика\akhmanova\akhmanova_task_8\akhmanova\main.cpp(854): warning C4018: <: несоответствие типов со знаком и без знака
d:\универ\заочка\5 семестр\компьютерная графика\akhmanova\akhmanova_task_8\akhmanova\main.cpp(861): warning C4018: <: несоответствие типов со знаком и без знака
d:\универ\заочка\5 семестр\компьютерная графика\akhmanova\akhmanova_task_8\akhmanova\shader.h(28): warning C4715: shader::readTextFile: значение возвращается не при всех путях выполнения
LINK : warning LNK4098: библиотека по умолчанию "MSVCRT" противоречит использованию других библиотек; используйте параметр /NODEFAULTLIB:library
  Akhmanova.vcxproj -> D:\Универ\Заочка\5 семестр\Компьютерная графика\Akhmanova\Akhmanova_task_8\Debug\Akhmanova.exe
