c:\users\winwi\desktop\универ\заочка\5 семестр\компьютерная графика\akhmanova\akhmanova_task_4\akhmanova\debug\akhmanova.myform.resources
c:\users\winwi\desktop\универ\заочка\5 семестр\компьютерная графика\akhmanova\akhmanova_task_5\akhmanova\debug\akhmanova.myform.resources
c:\users\winwi\desktop\универ\заочка\5 семестр\компьютерная графика\akhmanova\akhmanova_task_4\akhmanova\debug\vc141.pdb
c:\users\winwi\desktop\универ\заочка\5 семестр\компьютерная графика\akhmanova\akhmanova_task_4\akhmanova\debug\myform.obj
c:\users\winwi\desktop\универ\заочка\5 семестр\компьютерная графика\akhmanova\akhmanova_task_5\akhmanova\debug\vc141.pdb
c:\users\winwi\desktop\универ\заочка\5 семестр\компьютерная графика\akhmanova\akhmanova_task_5\akhmanova\debug\.netframework,version=v4.6.1.assemblyattributes.obj
c:\users\winwi\desktop\универ\заочка\5 семестр\компьютерная графика\akhmanova\akhmanova_task_5\akhmanova\debug\.netframework,version=v4.6.1.assemblyattributes.asm
c:\users\winwi\desktop\универ\заочка\5 семестр\компьютерная графика\akhmanova\akhmanova_task_4\debug\akhmanova.exe
c:\users\winwi\desktop\универ\заочка\5 семестр\компьютерная графика\akhmanova\akhmanova_task_4\debug\akhmanova.pdb
c:\users\winwi\desktop\универ\заочка\5 семестр\компьютерная графика\akhmanova\akhmanova_task_5\debug\akhmanova.exe
c:\users\winwi\desktop\универ\заочка\5 семестр\компьютерная графика\akhmanova\akhmanova_task_5\debug\akhmanova.pdb
c:\users\winwi\desktop\универ\заочка\5 семестр\компьютерная графика\akhmanova\akhmanova_task_5\akhmanova\debug\akhmanova.vcxproj.generateresource.cache
c:\users\winwi\desktop\универ\заочка\5 семестр\компьютерная графика\akhmanova\akhmanova_task_5\akhmanova\debug\akhmanova.vcxprojassemblyreference.cache
c:\users\winwi\desktop\универ\заочка\5 семестр\компьютерная графика\akhmanova\akhmanova_task_5\akhmanova\debug\akhmanova.tlog\akhmanova.write.1u.tlog
c:\users\winwi\desktop\универ\заочка\5 семестр\компьютерная графика\akhmanova\akhmanova_task_5\akhmanova\debug\akhmanova.tlog\cl.command.1.tlog
c:\users\winwi\desktop\универ\заочка\5 семестр\компьютерная графика\akhmanova\akhmanova_task_5\akhmanova\debug\akhmanova.tlog\cl.read.1.tlog
c:\users\winwi\desktop\универ\заочка\5 семестр\компьютерная графика\akhmanova\akhmanova_task_5\akhmanova\debug\akhmanova.tlog\cl.write.1.tlog
c:\users\winwi\desktop\универ\заочка\5 семестр\компьютерная графика\akhmanova\akhmanova_task_5\akhmanova\debug\akhmanova.tlog\link.command.1.tlog
c:\users\winwi\desktop\универ\заочка\5 семестр\компьютерная графика\akhmanova\akhmanova_task_5\akhmanova\debug\akhmanova.tlog\link.read.1.tlog
c:\users\winwi\desktop\универ\заочка\5 семестр\компьютерная графика\akhmanova\akhmanova_task_5\akhmanova\debug\akhmanova.tlog\link.write.1.tlog
c:\users\winwi\desktop\универ\заочка\5 семестр\компьютерная графика\akhmanova\akhmanova_task_5\akhmanova\debug\akhmanova.tlog\metagen.read.1.tlog
c:\users\winwi\desktop\универ\заочка\5 семестр\компьютерная графика\akhmanova\akhmanova_task_5\akhmanova\debug\akhmanova.tlog\metagen.write.1.tlog
c:\users\winwi\desktop\универ\заочка\5 семестр\компьютерная графика\akhmanova\akhmanova_task_5\akhmanova\debug\akhmanova.tlog\tzres.dll.bi
